<?xml version="1.0" encoding="UTF-8"?>
<!-- Generated by org.testng.reporters.JUnitReportReporter -->
<testsuite hostname="LAPTOP-LMUR1VSE" failures="0" tests="1" name="javaprograms.Naveen.duplicare" time="0.006" errors="0" timestamp="2024-08-26T12:07:25 IST" skipped="0">
  <testcase classname="javaprograms.Naveen.duplicare" name="isduplicateChar" time="0.006"/>
  <system-out/>
</testsuite> <!-- javaprograms.Naveen.duplicare -->
