<?xml version="1.0" encoding="UTF-8"?>
<!-- Generated by org.testng.reporters.JUnitReportReporter -->
<testsuite hostname="LAPTOP-LMUR1VSE" failures="0" tests="1" name="constoructs.constructors" time="0.006" errors="0" timestamp="2024-08-03T18:39:43 IST" skipped="0">
  <testcase classname="constoructs.constructors" name="runex" time="0.006"/>
  <system-out/>
</testsuite> <!-- constoructs.constructors -->
