<?xml version="1.0" encoding="UTF-8"?>
<!-- Generated by org.testng.reporters.JUnitReportReporter -->
<testsuite hostname="LAPTOP-LMUR1VSE" failures="0" tests="1" name="Casting_JavaProjects" time="0.009" errors="0" timestamp="2024-08-15T09:49:42 IST" skipped="0">
  <testcase classname="Casting_JavaProjects" name="pritypeCasting" time="0.009"/>
  <system-out/>
</testsuite> <!-- Casting_JavaProjects -->
