<?xml version="1.0" encoding="UTF-8"?>
<!-- Generated by org.testng.reporters.JUnitReportReporter -->
<testsuite hostname="LAPTOP-LMUR1VSE" failures="0" tests="1" name="Streams.Streams" time="0.007" errors="0" timestamp="2024-08-07T16:27:20 IST" skipped="0">
  <testcase classname="Streams.Streams" name="printUniqueNumber" time="0.007"/>
  <system-out/>
</testsuite> <!-- Streams.Streams -->
