<?xml version="1.0" encoding="UTF-8"?>
<!-- Generated by org.testng.reporters.JUnitReportReporter -->
<testsuite hostname="LAPTOP-LMUR1VSE" failures="0" tests="1" name="seleniumproject.QAFox.JavascriptExecuter.javascriptexecuter" time="10.413" errors="0" timestamp="2024-07-25T22:49:15 IST" skipped="0">
  <testcase classname="seleniumproject.QAFox.JavascriptExecuter.javascriptexecuter" name="blinkingColr" time="10.413"/>
  <system-out/>
</testsuite> <!-- seleniumproject.QAFox.JavascriptExecuter.javascriptexecuter -->
