<?xml version="1.0" encoding="UTF-8"?>
<!-- Generated by org.testng.reporters.JUnitReportReporter -->
<testsuite hostname="LAPTOP-LMUR1VSE" failures="0" tests="1" name="seleniumproject.QAFox.JavascriptExecuter.Robotclass" time="8.629" errors="0" timestamp="2024-08-02T13:29:06 IST" skipped="0">
  <testcase classname="seleniumproject.QAFox.JavascriptExecuter.Robotclass" name="uploadFile" time="8.629"/>
  <system-out/>
</testsuite> <!-- seleniumproject.QAFox.JavascriptExecuter.Robotclass -->
