<?xml version="1.0" encoding="UTF-8"?>
<!-- Generated by org.testng.reporters.JUnitReportReporter -->
<testsuite hostname="LAPTOP-LMUR1VSE" failures="0" tests="1" name="seleniumproject.Selenium_practice" time="17.873" errors="0" timestamp="2024-07-23T22:32:47 IST" skipped="0">
  <testcase classname="seleniumproject.Selenium_practice" name="alerts" time="17.873"/>
  <system-out/>
</testsuite> <!-- seleniumproject.Selenium_practice -->
