<?xml version="1.0" encoding="UTF-8"?>
<!-- Generated by org.testng.reporters.JUnitReportReporter -->
<testsuite hostname="LAPTOP-LMUR1VSE" failures="0" tests="1" name="Automationtestng.script_Timestamp" time="0.033" errors="0" timestamp="2024-07-30T20:23:31 IST" skipped="0">
  <testcase classname="Automationtestng.script_Timestamp" name="ExecuteScript" time="0.033"/>
  <system-out/>
</testsuite> <!-- Automationtestng.script_Timestamp -->
