<?xml version="1.0" encoding="UTF-8"?>
<!-- Generated by org.testng.reporters.JUnitReportReporter -->
<testsuite hostname="LAPTOP-LMUR1VSE" failures="0" tests="1" name="qafox.FileDownload" time="59.042" errors="0" timestamp="2024-09-01T11:59:18 IST" skipped="0">
  <testcase classname="qafox.FileDownload" name="filedownload" time="59.042"/>
  <system-out/>
</testsuite> <!-- qafox.FileDownload -->
