<?xml version="1.0" encoding="UTF-8"?>
<!-- Generated by org.testng.reporters.JUnitReportReporter -->
<testsuite hostname="LAPTOP-LMUR1VSE" failures="0" tests="1" name="seleniumproject.QAFox.JavascriptExecuter.ActionsClass" time="14.899" errors="0" timestamp="2024-07-27T19:52:17 IST" skipped="0">
  <testcase classname="seleniumproject.QAFox.JavascriptExecuter.ActionsClass" name="doubleClick" time="14.899"/>
  <system-out/>
</testsuite> <!-- seleniumproject.QAFox.JavascriptExecuter.ActionsClass -->
