<?xml version="1.0" encoding="UTF-8"?>
<!-- Generated by org.testng.reporters.JUnitReportReporter -->
<testsuite hostname="LAPTOP-LMUR1VSE" failures="0" tests="1" name="keywords.keymain" time="0.007" errors="0" timestamp="2024-08-03T20:54:01 IST" skipped="0">
  <testcase classname="keywords.keymain" name="privateCon" time="0.007"/>
  <system-out/>
</testsuite> <!-- keywords.keymain -->
