<?xml version="1.0" encoding="UTF-8"?>
<!-- Generated by org.testng.reporters.JUnitReportReporter -->
<testsuite hostname="LAPTOP-LMUR1VSE" failures="0" tests="1" name="qafox_Selenium4.Selenium4" time="10.166" errors="0" timestamp="2024-08-29T13:23:15 IST" skipped="0">
  <testcase classname="qafox_Selenium4.Selenium4" name="screenshot" time="10.166"/>
  <system-out/>
</testsuite> <!-- qafox_Selenium4.Selenium4 -->
