<?xml version="1.0" encoding="UTF-8"?>
<!-- Generated by org.testng.reporters.JUnitReportReporter -->
<testsuite hostname="LAPTOP-LMUR1VSE" failures="0" tests="1" name="Array.arrays" time="0.008" errors="0" timestamp="2024-09-12T12:06:10 IST" skipped="0">
  <testcase classname="Array.arrays" name="twoDimArray" time="0.008"/>
  <system-out/>
</testsuite> <!-- Array.arrays -->
