<?xml version="1.0" encoding="UTF-8"?>
<!-- Generated by org.testng.reporters.JUnitReportReporter -->
<testsuite hostname="LAPTOP-LMUR1VSE" failures="0" tests="1" name="strings.String_buffer" time="0.007" errors="0" timestamp="2024-09-11T14:59:02 IST" skipped="0">
  <testcase classname="strings.String_buffer" name="Strbufcompare" time="0.007"/>
  <system-out/>
</testsuite> <!-- strings.String_buffer -->
