<?xml version="1.0" encoding="UTF-8"?>
<!-- Generated by org.testng.reporters.JUnitReportReporter -->
<testsuite hostname="LAPTOP-LMUR1VSE" failures="0" tests="1" name="javaprograms.Leapyear" time="0.005" errors="0" timestamp="2024-08-15T21:50:32 IST" skipped="0">
  <testcase classname="javaprograms.Leapyear" name="commentPrograms" time="0.005"/>
  <system-out/>
</testsuite> <!-- javaprograms.Leapyear -->
