<?xml version="1.0" encoding="UTF-8"?>
<!-- Generated by org.testng.reporters.JUnitReportReporter -->
<testsuite hostname="LAPTOP-LMUR1VSE" failures="0" tests="1" name="javaprograms.calllbyvalue_reference" time="0.007" errors="0" timestamp="2024-09-06T20:40:33 IST" skipped="0">
  <testcase classname="javaprograms.calllbyvalue_reference" name="calllbyValue_ref" time="0.007"/>
  <system-out/>
</testsuite> <!-- javaprograms.calllbyvalue_reference -->
