<?xml version="1.0" encoding="UTF-8"?>
<!-- Generated by org.testng.reporters.JUnitReportReporter -->
<testsuite hostname="LAPTOP-LMUR1VSE" failures="0" tests="1" name="javaprograms.Naveen.JavaPrams" time="0.006" errors="0" timestamp="2024-08-26T15:37:35 IST" skipped="0">
  <testcase classname="javaprograms.Naveen.JavaPrams" name="subString" time="0.006"/>
  <system-out/>
</testsuite> <!-- javaprograms.Naveen.JavaPrams -->
