<?xml version="1.0" encoding="UTF-8"?>
<!-- Generated by org.testng.reporters.JUnitReportReporter -->
<testsuite hostname="LAPTOP-LMUR1VSE" failures="0" tests="1" name="listeners.Base" time="0.042" errors="0" timestamp="2024-09-13T09:53:09 IST" skipped="0">
  <testcase classname="listeners.Base" name="randomDate" time="0.042"/>
  <system-out/>
</testsuite> <!-- listeners.Base -->
