<?xml version="1.0" encoding="UTF-8"?>
<!-- Generated by org.testng.reporters.JUnitReportReporter -->
<testsuite hostname="LAPTOP-LMUR1VSE" failures="0" tests="1" name="qafox.javaprgrams.Strings" time="0.010" errors="0" timestamp="2024-08-29T21:54:26 IST" skipped="0">
  <testcase classname="qafox.javaprgrams.Strings" name="stringManipulation" time="0.010"/>
  <system-out/>
</testsuite> <!-- qafox.javaprgrams.Strings -->
