<?xml version="1.0" encoding="UTF-8"?>
<!-- Generated by org.testng.reporters.JUnitReportReporter -->
<testsuite hostname="LAPTOP-LMUR1VSE" failures="0" tests="1" name="seleniumproject.collections" time="0.008" errors="0" timestamp="2024-09-11T11:15:02 IST" skipped="0">
  <testcase classname="seleniumproject.collections" name="LinkedLists" time="0.008"/>
  <system-out/>
</testsuite> <!-- seleniumproject.collections -->
