<?xml version="1.0" encoding="UTF-8"?>
<!-- Generated by org.testng.reporters.JUnitReportReporter -->
<testsuite hostname="LAPTOP-LMUR1VSE" failures="0" tests="1" name="javaprograms.Javaprogramspractice" time="0.008" errors="0" timestamp="2024-08-22T13:27:29 IST" skipped="0">
  <testcase classname="javaprograms.Javaprogramspractice" name="getlastdigit_of_Array" time="0.008"/>
  <system-out/>
</testsuite> <!-- javaprograms.Javaprogramspractice -->
