<?xml version="1.0" encoding="UTF-8"?>
<!-- Generated by org.testng.reporters.JUnitReportReporter -->
<testsuite hostname="LAPTOP-LMUR1VSE" failures="0" tests="1" name="javaprograms.JavaPrograms" time="3.860" errors="0" timestamp="2024-09-11T19:42:47 IST" skipped="0">
  <testcase classname="javaprograms.JavaPrograms" name="polindrom" time="3.860"/>
  <system-out/>
</testsuite> <!-- javaprograms.JavaPrograms -->
