<?xml version="1.0" encoding="UTF-8"?>
<!-- Generated by org.testng.reporters.JUnitReportReporter -->
<testsuite hostname="LAPTOP-LMUR1VSE" failures="0" tests="1" name="Date_Calender.datatime" time="0.040" errors="0" timestamp="2024-09-11T12:20:59 IST" skipped="0">
  <testcase classname="Date_Calender.datatime" name="date" time="0.040"/>
  <system-out/>
</testsuite> <!-- Date_Calender.datatime -->
