<?xml version="1.0" encoding="UTF-8"?>
<!-- Generated by org.testng.reporters.JUnitReportReporter -->
<testsuite hostname="LAPTOP-LMUR1VSE" failures="0" tests="1" name="javaprograms.wrapperclasses" time="0.007" errors="0" timestamp="2024-09-11T13:53:26 IST" skipped="0">
  <testcase classname="javaprograms.wrapperclasses" name="wrapperMethods" time="0.007"/>
  <system-out/>
</testsuite> <!-- javaprograms.wrapperclasses -->
